<?xml version="1.0" encoding="UTF-8"?>
<!-- Generated by org.testng.reporters.JUnitReportReporter -->
<testsuite hostname="DESKTOP-BPVABRI" failures="0" tests="1" name="main2.DeleteProductTest" time="0.023" errors="0" timestamp="2023-12-16T11:15:18 IST" skipped="0">
  <testcase classname="main2.DeleteProductTest" name="deleteProductTest" time="0.023"/>
</testsuite> <!-- main2.DeleteProductTest -->
